C51 COMPILER V9.59.1.0   INIT380                                                           06/14/2020 11:38:15 PAGE 1   


C51 COMPILER V9.59.1.0, COMPILATION OF MODULE INIT380
OBJECT MODULE PLACED IN init380.OBJ
COMPILER INVOKED BY: C:\Keil_v5\C51\BIN\C51.EXE init380.c LARGE OPTIMIZE(4,SIZE) BROWSE DEBUG OBJECTEXTEND TABS(2)

line level    source

   1          /////////////////////////////////////
   2          //  Generated Initialization File  //
   3          /////////////////////////////////////
   4          
   5          #include "compiler_defs.h"
   6          #include "C8051F380_defs.h"
   7          
   8          // Peripheral specific initialization functions,
   9          // Called from the Init_Device() function
  10          void PCA_Init()
  11          {
  12   1          PCA0MD    &= ~0x40;
  13   1          PCA0MD    = 0x00;
  14   1      }
  15          
  16          void Port_IO_Init()
  17          {
  18   1          // P0.0  -  Unassigned,  Open-Drain, Digital
  19   1          // P0.1  -  Unassigned,  Open-Drain, Digital
  20   1          // P0.2  -  Unassigned,  Open-Drain, Digital
  21   1          // P0.3  -  Unassigned,  Open-Drain, Digital
  22   1          // P0.4  -  Unassigned,  Open-Drain, Digital
  23   1          // P0.5  -  Unassigned,  Open-Drain, Digital
  24   1          // P0.6  -  Unassigned,  Open-Drain, Digital
  25   1          // P0.7  -  Unassigned,  Open-Drain, Digital
  26   1      
  27   1          // P1.0  -  Unassigned,  Open-Drain, Digital
  28   1          // P1.1  -  Unassigned,  Open-Drain, Digital
  29   1          // P1.2  -  Unassigned,  Open-Drain, Digital
  30   1          // P1.3  -  Unassigned,  Open-Drain, Digital
  31   1          // P1.4  -  Unassigned,  Open-Drain, Digital
  32   1          // P1.5  -  Unassigned,  Open-Drain, Digital
  33   1          // P1.6  -  Unassigned,  Open-Drain, Digital
  34   1          // P1.7  -  Unassigned,  Open-Drain, Digital
  35   1      
  36   1          // P2.0  -  Unassigned,  Open-Drain, Digital
  37   1          // P2.1  -  Unassigned,  Open-Drain, Digital
  38   1          // P2.2  -  Unassigned,  Open-Drain, Digital
  39   1          // P2.3  -  Unassigned,  Open-Drain, Digital
  40   1          // P2.4  -  Unassigned,  Open-Drain, Digital
  41   1          // P2.5  -  Unassigned,  Open-Drain, Digital
  42   1          // P2.6  -  Unassigned,  Open-Drain, Digital
  43   1          // P2.7  -  Unassigned,  Open-Drain, Digital
  44   1      
  45   1          // P3.0  -  Unassigned,  Push-Pull,  Digital
  46   1          // P3.1  -  Unassigned,  Push-Pull,  Digital
  47   1          // P3.2  -  Unassigned,  Open-Drain, Digital
  48   1          // P3.3  -  Unassigned,  Push-Pull,  Digital
  49   1          // P3.4  -  Unassigned,  Push-Pull,  Digital
  50   1          // P3.5  -  Unassigned,  Open-Drain, Digital
  51   1          // P3.6  -  Unassigned,  Open-Drain, Digital
  52   1          // P3.7  -  Unassigned,  Push-Pull,  Digital
  53   1      
  54   1          P3MDOUT   = 0x9B;
  55   1          XBR1      = 0x40;
C51 COMPILER V9.59.1.0   INIT380                                                           06/14/2020 11:38:15 PAGE 2   

  56   1      }
  57          
  58          void Oscillator_Init()
  59          {
  60   1          FLSCL     = 0x90;
  61   1          CLKSEL    = 0x03;
  62   1          OSCICN    = 0xC3;
  63   1      }
  64          
  65          // Initialization function for device,
  66          // Call Init_Device() from your main program
  67          void Init_Device(void)
  68          {
  69   1          PCA_Init();
  70   1          Port_IO_Init();
  71   1          Oscillator_Init();
  72   1      }


MODULE INFORMATION:   STATIC OVERLAYABLE
   CODE SIZE        =     34    ----
   CONSTANT SIZE    =   ----    ----
   XDATA SIZE       =   ----    ----
   PDATA SIZE       =   ----    ----
   DATA SIZE        =   ----    ----
   IDATA SIZE       =   ----    ----
   BIT SIZE         =   ----    ----
END OF MODULE INFORMATION.


C51 COMPILATION COMPLETE.  0 WARNING(S),  0 ERROR(S)
